<?xml version="1.0" encoding="UTF-8"?>
<testng-results ignored="0" total="1" passed="1" failed="0" skipped="0">
  <reporter-output>
  </reporter-output>
  <suite started-at="2024-08-28T22:49:17 PDT" name="Default suite" finished-at="2024-08-28T22:49:21 PDT" duration-ms="4256">
    <groups>
    </groups>
    <test started-at="2024-08-28T22:49:17 PDT" name="Default test" finished-at="2024-08-28T22:49:21 PDT" duration-ms="4256">
      <class name="rest_assure.com.CookiesTest">
        <test-method signature="getCookie()[pri:0, instance:rest_assure.com.CookiesTest@6adbc9d]" started-at="2024-08-28T22:49:17 PDT" name="getCookie" finished-at="2024-08-28T22:49:21 PDT" duration-ms="4183" status="PASS">
          <reporter-output>
          </reporter-output>
        </test-method> <!-- getCookie -->
      </class> <!-- rest_assure.com.CookiesTest -->
    </test> <!-- Default test -->
  </suite> <!-- Default suite -->
</testng-results>
